<?xml version="1.0" encoding="UTF-8"?>
<testsuite name="com.JobHub.JobHubApplicationTests" tests="1" skipped="0" failures="0" errors="0" timestamp="2024-06-03T04:59:08" hostname="DESKTOP-19KAFIR" time="1.005">
  <properties/>
  <testcase name="contextLoads()" classname="com.JobHub.JobHubApplicationTests" time="1.005"/>
  <system-out><![CDATA[23:58:55.920 [Test worker] INFO org.springframework.test.context.support.AnnotationConfigContextLoaderUtils -- Could not detect default configuration classes for test class [com.JobHub.JobHubApplicationTests]: JobHubApplicationTests does not declare any static, non-private, non-final, nested classes annotated with @Configuration.
23:58:56.235 [Test worker] INFO org.springframework.boot.test.context.SpringBootTestContextBootstrapper -- Found @SpringBootConfiguration com.JobHub.JobHubApplication for test class com.JobHub.JobHubApplicationTests
  .   ____          _            __ _ _
 /\\ / ___'_ __ _ _(_)_ __  __ _ \ \ \ \
( ( )\___ | '_ | '_| | '_ \/ _` | \ \ \ \
 \\/  ___)| |_)| | | | | || (_| |  ) ) ) )
  '  |____| .__|_| |_|_| |_\__, | / / / /
 =========|_|==============|___/=/_/_/_/

 :: Spring Boot ::                (v3.3.0)

2024-06-02T23:58:57.251-05:00  INFO 8948 --- [JobHub] [    Test worker] com.JobHub.JobHubApplicationTests        : Starting JobHubApplicationTests using Java 21.0.3 with PID 8948 (started by Jair in D:\transacOfi\JobHub\JobHub)
2024-06-02T23:58:57.254-05:00  INFO 8948 --- [JobHub] [    Test worker] com.JobHub.JobHubApplicationTests        : No active profile set, falling back to 1 default profile: "default"
2024-06-02T23:58:58.594-05:00  INFO 8948 --- [JobHub] [    Test worker] .s.d.r.c.RepositoryConfigurationDelegate : Bootstrapping Spring Data JPA repositories in DEFAULT mode.
2024-06-02T23:58:58.731-05:00  INFO 8948 --- [JobHub] [    Test worker] .s.d.r.c.RepositoryConfigurationDelegate : Finished Spring Data repository scanning in 122 ms. Found 14 JPA repository interfaces.
2024-06-02T23:59:00.603-05:00  INFO 8948 --- [JobHub] [    Test worker] o.hibernate.jpa.internal.util.LogHelper  : HHH000204: Processing PersistenceUnitInfo [name: default]
2024-06-02T23:59:00.747-05:00  INFO 8948 --- [JobHub] [    Test worker] org.hibernate.Version                    : HHH000412: Hibernate ORM core version 6.5.2.Final
2024-06-02T23:59:00.806-05:00  INFO 8948 --- [JobHub] [    Test worker] o.h.c.internal.RegionFactoryInitiator    : HHH000026: Second-level cache disabled
2024-06-02T23:59:01.317-05:00  INFO 8948 --- [JobHub] [    Test worker] o.s.o.j.p.SpringPersistenceUnitInfo      : No LoadTimeWeaver setup: ignoring JPA class transformer
2024-06-02T23:59:01.373-05:00  INFO 8948 --- [JobHub] [    Test worker] com.zaxxer.hikari.HikariDataSource       : HikariPool-1 - Starting...
2024-06-02T23:59:02.142-05:00  INFO 8948 --- [JobHub] [    Test worker] com.zaxxer.hikari.pool.HikariPool        : HikariPool-1 - Added connection com.mysql.cj.jdbc.ConnectionImpl@256a5df0
2024-06-02T23:59:02.146-05:00  INFO 8948 --- [JobHub] [    Test worker] com.zaxxer.hikari.HikariDataSource       : HikariPool-1 - Start completed.
2024-06-02T23:59:04.385-05:00  INFO 8948 --- [JobHub] [    Test worker] o.h.e.t.j.p.i.JtaPlatformInitiator       : HHH000489: No JTA platform available (set 'hibernate.transaction.jta.platform' to enable JTA platform integration)
2024-06-02T23:59:04.670-05:00  INFO 8948 --- [JobHub] [    Test worker] j.LocalContainerEntityManagerFactoryBean : Initialized JPA EntityManagerFactory for persistence unit 'default'
2024-06-02T23:59:05.846-05:00  WARN 8948 --- [JobHub] [    Test worker] JpaBaseConfiguration$JpaWebConfiguration : spring.jpa.open-in-view is enabled by default. Therefore, database queries may be performed during view rendering. Explicitly configure spring.jpa.open-in-view to disable this warning
2024-06-02T23:59:08.201-05:00  INFO 8948 --- [JobHub] [    Test worker] com.JobHub.JobHubApplicationTests        : Started JobHubApplicationTests in 11.504 seconds (process running for 14.393)
]]></system-out>
  <system-err><![CDATA[WARNING: A Java agent has been loaded dynamically (C:\Users\Jair\.gradle\caches\modules-2\files-2.1\net.bytebuddy\byte-buddy-agent\1.14.16\4a451ee6484abac3a498df0f3b33ed00a6fced4d\byte-buddy-agent-1.14.16.jar)
WARNING: If a serviceability tool is in use, please run with -XX:+EnableDynamicAgentLoading to hide this warning
WARNING: If a serviceability tool is not in use, please run with -Djdk.instrument.traceUsage for more information
WARNING: Dynamic loading of agents will be disallowed by default in a future release
]]></system-err>
</testsuite>
